This is pdfTeX, Version 3.1415926-2.4-1.40.13 (TeX Live 2012) (format=pdflatex 2012.6.30)  24 OCT 2012 19:28
entering extended mode
 restricted \write18 enabled.
 %&-line parsing enabled.
**VK_Lesson_plan.tex tabprevious
(./VK_Lesson_plan.tex
LaTeX2e <2011/06/27>
Babel <v3.8m> and hyphenation patterns for english, dumylang, nohyphenation, ge
rman-x-2012-05-30, ngerman-x-2012-05-30, afrikaans, ancientgreek, ibycus, arabi
c, armenian, basque, bulgarian, catalan, pinyin, coptic, croatian, czech, danis
h, dutch, ukenglish, usenglishmax, esperanto, estonian, ethiopic, farsi, finnis
h, french, friulan, galician, german, ngerman, swissgerman, monogreek, greek, h
ungarian, icelandic, assamese, bengali, gujarati, hindi, kannada, malayalam, ma
rathi, oriya, panjabi, tamil, telugu, indonesian, interlingua, irish, italian, 
kurmanji, latin, latvian, lithuanian, mongolian, mongolianlmc, bokmal, nynorsk,
 polish, portuguese, romanian, romansh, russian, sanskrit, serbian, serbianc, s
lovak, slovenian, spanish, swedish, turkish, turkmen, ukrainian, uppersorbian, 
welsh, loaded.
(/usr/local/texlive/2012/texmf-dist/tex/latex/base/article.cls
Document Class: article 2007/10/19 v1.4h Standard LaTeX document class
(/usr/local/texlive/2012/texmf-dist/tex/latex/base/size12.clo
File: size12.clo 2007/10/19 v1.4h Standard LaTeX file (size option)
)
\c@part=\count79
\c@section=\count80
\c@subsection=\count81
\c@subsubsection=\count82
\c@paragraph=\count83
\c@subparagraph=\count84
\c@figure=\count85
\c@table=\count86
\abovecaptionskip=\skip41
\belowcaptionskip=\skip42
\bibindent=\dimen102
)
(/usr/local/texlive/2012/texmf-dist/tex/latex/enumitem/enumitem.sty
Package: enumitem 2011/09/28 v3.5.2 Customized lists
\enitkv@toks@=\toks14
\labelindent=\skip43
\enit@outerparindent=\dimen103
\enit@toks=\toks15
\enit@inbox=\box26
\enitdp@description=\count87
)
(./VK_Lesson_plan.aux)
\openout1 = `VK_Lesson_plan.aux'.

LaTeX Font Info:    Checking defaults for OML/cmm/m/it on input line 15.
LaTeX Font Info:    ... okay on input line 15.
LaTeX Font Info:    Checking defaults for T1/cmr/m/n on input line 15.
LaTeX Font Info:    ... okay on input line 15.
LaTeX Font Info:    Checking defaults for OT1/cmr/m/n on input line 15.
LaTeX Font Info:    ... okay on input line 15.
LaTeX Font Info:    Checking defaults for OMS/cmsy/m/n on input line 15.
LaTeX Font Info:    ... okay on input line 15.
LaTeX Font Info:    Checking defaults for OMX/cmex/m/n on input line 15.
LaTeX Font Info:    ... okay on input line 15.
LaTeX Font Info:    Checking defaults for U/cmr/m/n on input line 15.
LaTeX Font Info:    ... okay on input line 15.
LaTeX Font Info:    External font `cmex10' loaded for size
(Font)              <14.4> on input line 17.
LaTeX Font Info:    External font `cmex10' loaded for size
(Font)              <7> on input line 17.


LaTeX Warning: No \author given.

LaTeX Font Info:    Try loading font information for OMS+cmr on input line 26.
(/usr/local/texlive/2012/texmf-dist/tex/latex/base/omscmr.fd
File: omscmr.fd 1999/05/25 v2.5h Standard LaTeX font definitions
)
LaTeX Font Info:    Font shape `OMS/cmr/m/n' in size <12> not available
(Font)              Font shape `OMS/cmsy/m/n' tried instead on input line 26.
LaTeX Font Info:    External font `cmex10' loaded for size
(Font)              <12> on input line 49.
LaTeX Font Info:    External font `cmex10' loaded for size
(Font)              <8> on input line 49.
LaTeX Font Info:    External font `cmex10' loaded for size
(Font)              <6> on input line 49.

Underfull \hbox (badness 10000) in paragraph at lines 52--52
[]\OT1/cmr/m/n/12 Introduction to
 []


Overfull \hbox (2.48242pt too wide) in paragraph at lines 53--53
[]\OT1/cmr/m/n/12 A,C,
 []


Underfull \hbox (badness 10000) in paragraph at lines 53--53
[]\OT1/cmr/m/n/12 Slides +
 []


Overfull \hbox (1.99493pt too wide) in paragraph at lines 54--54
[]\OT1/cmr/m/n/12 B,C,
 []


Underfull \hbox (badness 10000) in paragraph at lines 54--54
[]\OT1/cmr/m/n/12 Slides +
 []


Overfull \hbox (2.96992pt too wide) in paragraph at lines 56--56
[]\OT1/cmr/m/n/12 A,D,
 []


Underfull \hbox (badness 2538) in paragraph at lines 56--56
[]\OT1/cmr/m/n/12 Active par-tic-i-pa-tion in
 []


Underfull \hbox (badness 10000) in paragraph at lines 56--56
[]\OT1/cmr/m/n/12 Playing
 []


Underfull \hbox (badness 10000) in paragraph at lines 57--57
[]\OT1/cmr/m/n/12 80-
 []


Underfull \hbox (badness 10000) in paragraph at lines 57--57
[]\OT1/cmr/m/n/12 Slides
 []


Underfull \hbox (badness 10000) in paragraph at lines 57--57
\OT1/cmr/m/n/12 + Sage
 []


Underfull \hbox (badness 10000) in paragraph at lines 58--58
[]\OT1/cmr/m/n/12 100-
 []


Underfull \hbox (badness 10000) in paragraph at lines 58--58
[]\OT1/cmr/m/n/12 Sage lab
 []


Underfull \hbox (badness 6510) in paragraph at lines 58--58
\OT1/cmr/m/n/12 sheet and
 []

[1

{/usr/local/texlive/2012/texmf-var/fonts/map/pdftex/updmap/pdftex.map}]
[2] [3] (./VK_Lesson_plan.aux) ) 
Here is how much of TeX's memory you used:
 537 strings out of 493488
 7719 string characters out of 3141326
 64736 words of memory out of 3000000
 3912 multiletter control sequences out of 15000+200000
 8194 words of font info for 29 fonts, out of 3000000 for 9000
 957 hyphenation exceptions out of 8191
 22i,9n,19p,596b,299s stack positions out of 5000i,500n,10000p,200000b,50000s
</usr/local/texlive/2012/texmf-dist/fonts/type1
/public/amsfonts/cm/cmbx12.pfb></usr/local/texlive/2012/texmf-dist/fonts/type1/
public/amsfonts/cm/cmr12.pfb></usr/local/texlive/2012/texmf-dist/fonts/type1/pu
blic/amsfonts/cm/cmr17.pfb></usr/local/texlive/2012/texmf-dist/fonts/type1/publ
ic/amsfonts/cm/cmsy10.pfb>
Output written on VK_Lesson_plan.pdf (3 pages, 52248 bytes).
PDF statistics:
 30 PDF objects out of 1000 (max. 8388607)
 20 compressed objects within 1 object stream
 0 named destinations out of 1000 (max. 500000)
 1 words of extra memory for PDF output out of 10000 (max. 10000000)

