This is pdfTeX, Version 3.1415926-2.4-1.40.13 (TeX Live 2012) (format=pdflatex 2012.6.30)  12 FEB 2013 08:05
entering extended mode
 restricted \write18 enabled.
 file:line:error style messages enabled.
 %&-line parsing enabled.
**/Users/VincesAir/Dropbox/PCUTL/Module_2/Portfolio/VK_Pedagogic_Models_Inclusive_Teaching_and_Technology.tex
(/Users/VincesAir/Dropbox/PCUTL/Module_2/Portfolio/VK_Pedagogic_Models_Inclusive_Teaching_and_Technology.tex
LaTeX2e <2011/06/27>
Babel <v3.8m> and hyphenation patterns for english, dumylang, nohyphenation, german-x-2012-05-30, ngerman-x-2012-05-30, afrikaans, ancientgreek, ibycus, arabic, armenian, basque, bulgarian, catalan, pinyin, coptic, croatian, czech, danish, dutch, ukenglish, usenglishmax, esperanto, estonian, ethiopic, farsi, finnish, french, friulan, galician, german, ngerman, swissgerman, monogreek, greek, hungarian, icelandic, assamese, bengali, gujarati, hindi, kannada, malayalam, marathi, oriya, panjabi, tamil, telugu, indonesian, interlingua, irish, italian, kurmanji, latin, latvian, lithuanian, mongolian, mongolianlmc, bokmal, nynorsk, polish, portuguese, romanian, romansh, russian, sanskrit, serbian, serbianc, slovak, slovenian, spanish, swedish, turkish, turkmen, ukrainian, uppersorbian, welsh, loaded.
(/usr/local/texlive/2012/texmf-dist/tex/latex/base/article.cls
Document Class: article 2007/10/19 v1.4h Standard LaTeX document class
(/usr/local/texlive/2012/texmf-dist/tex/latex/base/size12.clo
File: size12.clo 2007/10/19 v1.4h Standard LaTeX file (size option)
)
\c@part=\count79
\c@section=\count80
\c@subsection=\count81
\c@subsubsection=\count82
\c@paragraph=\count83
\c@subparagraph=\count84
\c@figure=\count85
\c@table=\count86
\abovecaptionskip=\skip41
\belowcaptionskip=\skip42
\bibindent=\dimen102
) (/usr/local/texlive/2012/texmf-dist/tex/latex/hyperref/hyperref.sty
Package: hyperref 2012/05/13 v6.82q Hypertext links for LaTeX
(/usr/local/texlive/2012/texmf-dist/tex/generic/oberdiek/hobsub-hyperref.sty
Package: hobsub-hyperref 2012/05/28 v1.13 Bundle oberdiek, subset hyperref (HO)
(/usr/local/texlive/2012/texmf-dist/tex/generic/oberdiek/hobsub-generic.sty
Package: hobsub-generic 2012/05/28 v1.13 Bundle oberdiek, subset generic (HO)
Package: hobsub 2012/05/28 v1.13 Construct package bundles (HO)
Package: infwarerr 2010/04/08 v1.3 Providing info/warning/error messages (HO)
Package: ltxcmds 2011/11/09 v1.22 LaTeX kernel commands for general use (HO)
Package: ifluatex 2010/03/01 v1.3 Provides the ifluatex switch (HO)
Package ifluatex Info: LuaTeX not detected.
Package: ifvtex 2010/03/01 v1.5 Detect VTeX and its facilities (HO)
Package ifvtex Info: VTeX not detected.
Package: intcalc 2007/09/27 v1.1 Expandable calculations with integers (HO)
Package: ifpdf 2011/01/30 v2.3 Provides the ifpdf switch (HO)
Package ifpdf Info: pdfTeX in PDF mode is detected.
Package: etexcmds 2011/02/16 v1.5 Avoid name clashes with e-TeX commands (HO)
Package etexcmds Info: Could not find \expanded.
(etexcmds)             That can mean that you are not using pdfTeX 1.50 or
(etexcmds)             that some package has redefined \expanded.
(etexcmds)             In the latter case, load this package earlier.
Package: kvsetkeys 2012/04/25 v1.16 Key value parser (HO)
Package: kvdefinekeys 2011/04/07 v1.3 Define keys (HO)
Package: pdftexcmds 2011/11/29 v0.20 Utility functions of pdfTeX for LuaTeX (HO)
Package pdftexcmds Info: LuaTeX not detected.
Package pdftexcmds Info: \pdf@primitive is available.
Package pdftexcmds Info: \pdf@ifprimitive is available.
Package pdftexcmds Info: \pdfdraftmode found.
Package: pdfescape 2011/11/25 v1.13 Implements pdfTeX's escape features (HO)
Package: bigintcalc 2012/04/08 v1.3 Expandable calculations on big integers (HO)
Package: bitset 2011/01/30 v1.1 Handle bit-vector datatype (HO)
Package: uniquecounter 2011/01/30 v1.2 Provide unlimited unique counter (HO)
)
Package hobsub Info: Skipping package `hobsub' (already loaded).
Package: letltxmacro 2010/09/02 v1.4 Let assignment for LaTeX macros (HO)
Package: hopatch 2012/05/28 v1.2 Wrapper for package hooks (HO)
Package: xcolor-patch 2011/01/30 xcolor patch
Package: atveryend 2011/06/30 v1.8 Hooks at the very end of document (HO)
Package atveryend Info: \enddocument detected (standard20110627).
Package: atbegshi 2011/10/05 v1.16 At begin shipout hook (HO)
Package: refcount 2011/10/16 v3.4 Data extraction from label references (HO)
Package: hycolor 2011/01/30 v1.7 Color options for hyperref/bookmark (HO)
) (/usr/local/texlive/2012/texmf-dist/tex/latex/graphics/keyval.sty
Package: keyval 1999/03/16 v1.13 key=value parser (DPC)
\KV@toks@=\toks14
) (/usr/local/texlive/2012/texmf-dist/tex/generic/ifxetex/ifxetex.sty
Package: ifxetex 2010/09/12 v0.6 Provides ifxetex conditional
) (/usr/local/texlive/2012/texmf-dist/tex/latex/oberdiek/kvoptions.sty
Package: kvoptions 2011/06/30 v3.11 Key value format for package options (HO)
)
\@linkdim=\dimen103
\Hy@linkcounter=\count87
\Hy@pagecounter=\count88
(/usr/local/texlive/2012/texmf-dist/tex/latex/hyperref/pd1enc.def
File: pd1enc.def 2012/05/13 v6.82q Hyperref: PDFDocEncoding definition (HO)
)
\Hy@SavedSpaceFactor=\count89
(/usr/local/texlive/2012/texmf-dist/tex/latex/latexconfig/hyperref.cfg
File: hyperref.cfg 2002/06/06 v1.2 hyperref configuration of TeXLive
)
Package hyperref Info: Hyper figures OFF on input line 4062.
Package hyperref Info: Link nesting OFF on input line 4067.
Package hyperref Info: Hyper index ON on input line 4070.
Package hyperref Info: Plain pages OFF on input line 4077.
Package hyperref Info: Backreferencing OFF on input line 4082.
Package hyperref Info: Implicit mode ON; LaTeX internals redefined.
Package hyperref Info: Bookmarks ON on input line 4300.
\c@Hy@tempcnt=\count90
(/usr/local/texlive/2012/texmf-dist/tex/latex/url/url.sty
\Urlmuskip=\muskip10
Package: url 2006/04/12  ver 3.3  Verb mode for urls, etc.
)
LaTeX Info: Redefining \url on input line 4653.
\Fld@menulength=\count91
\Field@Width=\dimen104
\Fld@charsize=\dimen105
Package hyperref Info: Hyper figures OFF on input line 5773.
Package hyperref Info: Link nesting OFF on input line 5778.
Package hyperref Info: Hyper index ON on input line 5781.
Package hyperref Info: backreferencing OFF on input line 5788.
Package hyperref Info: Link coloring OFF on input line 5793.
Package hyperref Info: Link coloring with OCG OFF on input line 5798.
Package hyperref Info: PDF/A mode OFF on input line 5803.
LaTeX Info: Redefining \ref on input line 5843.
LaTeX Info: Redefining \pageref on input line 5847.
\Hy@abspage=\count92
\c@Item=\count93
\c@Hfootnote=\count94
)

Package hyperref Message: Driver (autodetected): hpdftex.

(/usr/local/texlive/2012/texmf-dist/tex/latex/hyperref/hpdftex.def
File: hpdftex.def 2012/05/13 v6.82q Hyperref driver for pdfTeX
\Fld@listcount=\count95
\c@bookmark@seq@number=\count96
(/usr/local/texlive/2012/texmf-dist/tex/latex/oberdiek/rerunfilecheck.sty
Package: rerunfilecheck 2011/04/15 v1.7 Rerun checks for auxiliary files (HO)
Package uniquecounter Info: New unique counter `rerunfilecheck' on input line 282.
)
\Hy@SectionHShift=\skip43
) (/usr/local/texlive/2012/texmf-dist/tex/latex/graphics/graphicx.sty
Package: graphicx 1999/02/16 v1.0f Enhanced LaTeX Graphics (DPC,SPQR)
(/usr/local/texlive/2012/texmf-dist/tex/latex/graphics/graphics.sty
Package: graphics 2009/02/05 v1.0o Standard LaTeX Graphics (DPC,SPQR)
(/usr/local/texlive/2012/texmf-dist/tex/latex/graphics/trig.sty
Package: trig 1999/03/16 v1.09 sin cos tan (DPC)
) (/usr/local/texlive/2012/texmf-dist/tex/latex/latexconfig/graphics.cfg
File: graphics.cfg 2010/04/23 v1.9 graphics configuration of TeX Live
)
Package graphics Info: Driver file: pdftex.def on input line 91.
(/usr/local/texlive/2012/texmf-dist/tex/latex/pdftex-def/pdftex.def
File: pdftex.def 2011/05/27 v0.06d Graphics/color for pdfTeX
\Gread@gobject=\count97
))
\Gin@req@height=\dimen106
\Gin@req@width=\dimen107
) (./VK_Pedagogic_Models_Inclusive_Teaching_and_Technology.aux)
\openout1 = `VK_Pedagogic_Models_Inclusive_Teaching_and_Technology.aux'.

LaTeX Font Info:    Checking defaults for OML/cmm/m/it on input line 10.
LaTeX Font Info:    ... okay on input line 10.
LaTeX Font Info:    Checking defaults for T1/cmr/m/n on input line 10.
LaTeX Font Info:    ... okay on input line 10.
LaTeX Font Info:    Checking defaults for OT1/cmr/m/n on input line 10.
LaTeX Font Info:    ... okay on input line 10.
LaTeX Font Info:    Checking defaults for OMS/cmsy/m/n on input line 10.
LaTeX Font Info:    ... okay on input line 10.
LaTeX Font Info:    Checking defaults for OMX/cmex/m/n on input line 10.
LaTeX Font Info:    ... okay on input line 10.
LaTeX Font Info:    Checking defaults for U/cmr/m/n on input line 10.
LaTeX Font Info:    ... okay on input line 10.
LaTeX Font Info:    Checking defaults for PD1/pdf/m/n on input line 10.
LaTeX Font Info:    ... okay on input line 10.
\AtBeginShipoutBox=\box26
Package hyperref Info: Link coloring OFF on input line 10.
(/usr/local/texlive/2012/texmf-dist/tex/latex/hyperref/nameref.sty
Package: nameref 2010/04/30 v2.40 Cross-referencing by name of section
(/usr/local/texlive/2012/texmf-dist/tex/generic/oberdiek/gettitlestring.sty
Package: gettitlestring 2010/12/03 v1.4 Cleanup title references (HO)
)
\c@section@level=\count98
)
LaTeX Info: Redefining \ref on input line 10.
LaTeX Info: Redefining \pageref on input line 10.
LaTeX Info: Redefining \nameref on input line 10.
(./VK_Pedagogic_Models_Inclusive_Teaching_and_Technology.out) (./VK_Pedagogic_Models_Inclusive_Teaching_and_Technology.out)
\@outlinefile=\write3
\openout3 = `VK_Pedagogic_Models_Inclusive_Teaching_and_Technology.out'.

(/usr/local/texlive/2012/texmf-dist/tex/context/base/supp-pdf.mkii
[Loading MPS to PDF converter (version 2006.09.02).]
\scratchcounter=\count99
\scratchdimen=\dimen108
\scratchbox=\box27
\nofMPsegments=\count100
\nofMParguments=\count101
\everyMPshowfont=\toks15
\MPscratchCnt=\count102
\MPscratchDim=\dimen109
\MPnumerator=\count103
\makeMPintoPDFobject=\count104
\everyMPtoPDFconversion=\toks16
) (/usr/local/texlive/2012/texmf-dist/tex/latex/oberdiek/epstopdf-base.sty
Package: epstopdf-base 2010/02/09 v2.5 Base part for package epstopdf
(/usr/local/texlive/2012/texmf-dist/tex/latex/oberdiek/grfext.sty
Package: grfext 2010/08/19 v1.1 Manage graphics extensions (HO)
)
Package grfext Info: Graphics extension search list:
(grfext)             [.png,.pdf,.jpg,.mps,.jpeg,.jbig2,.jb2,.PNG,.PDF,.JPG,.JPEG,.JBIG2,.JB2,.eps]
(grfext)             \AppendGraphicsExtensions on input line 452.
(/usr/local/texlive/2012/texmf-dist/tex/latex/latexconfig/epstopdf-sys.cfg
File: epstopdf-sys.cfg 2010/07/13 v1.3 Configuration of (r)epstopdf for TeX Live
))
LaTeX Font Info:    External font `cmex10' loaded for size
(Font)              <14.4> on input line 13.
LaTeX Font Info:    External font `cmex10' loaded for size
(Font)              <7> on input line 13.
LaTeX Font Info:    Try loading font information for OMS+cmr on input line 41.
(/usr/local/texlive/2012/texmf-dist/tex/latex/base/omscmr.fd
File: omscmr.fd 1999/05/25 v2.5h Standard LaTeX font definitions
)
LaTeX Font Info:    Font shape `OMS/cmr/m/n' in size <12> not available
(Font)              Font shape `OMS/cmsy/m/n' tried instead on input line 41.

Overfull \hbox (3.10379pt too wide) in paragraph at lines 46--46
[]\OT1/cmr/bx/n/17.28 Analysis of feed-back from pre-vi-ously taught
 []


Underfull \hbox (badness 10000) in paragraph at lines 48--49

 []

[1

{/usr/local/texlive/2012/texmf-var/fonts/map/pdftex/updmap/pdftex.map}]
Underfull \hbox (badness 10000) in paragraph at lines 50--51

 []


Underfull \hbox (badness 10000) in paragraph at lines 52--53

 []

[2] <Images/using_pandoc.pdf, id=84, 652.4375pt x 297.11pt>
File: Images/using_pandoc.pdf Graphic file (type pdf)
<use Images/using_pandoc.pdf>
Package pdftex.def Info: Images/using_pandoc.pdf used on input line 77.
(pdftex.def)             Requested size: 284.52756pt x 129.57274pt.

Underfull \hbox (badness 10000) in paragraph at lines 83--84

 []

<images/universal_notes.pdf, id=86, 3403.28838pt x 2254.46245pt>
File: images/universal_notes.pdf Graphic file (type pdf)
<use images/universal_notes.pdf>
Package pdftex.def Info: images/universal_notes.pdf used on input line 87.
(pdftex.def)             Requested size: 398.33858pt x 263.85016pt.

Overfull \hbox (8.33858pt too wide) in paragraph at lines 87--88
 [] 
 []

LaTeX Font Info:    External font `cmex10' loaded for size
(Font)              <12> on input line 93.
LaTeX Font Info:    External font `cmex10' loaded for size
(Font)              <8> on input line 93.
LaTeX Font Info:    External font `cmex10' loaded for size
(Font)              <6> on input line 93.
[3 <./Images/using_pandoc.pdf>] [4 <./images/universal_notes.pdf>] [5]
Underfull \hbox (badness 10000) in paragraph at lines 129--130

 []


Underfull \hbox (badness 10000) in paragraph at lines 139--140

 []

[6]
Underfull \hbox (badness 10000) in paragraph at lines 148--149

 []


Underfull \hbox (badness 10000) in paragraph at lines 150--151

 []


Underfull \hbox (badness 10000) in paragraph at lines 152--153

 []


Underfull \hbox (badness 10000) in paragraph at lines 154--155

 []


Underfull \hbox (badness 10000) in paragraph at lines 156--157

 []


Underfull \hbox (badness 10000) in paragraph at lines 158--159

 []

[7] <Images/Learning_Pedagogies.pdf, id=173, 816.04875pt x 471.7625pt>
File: Images/Learning_Pedagogies.pdf Graphic file (type pdf)
<use Images/Learning_Pedagogies.pdf>
Package pdftex.def Info: Images/Learning_Pedagogies.pdf used on input line 174.
(pdftex.def)             Requested size: 284.52756pt x 164.48587pt.

Underfull \hbox (badness 10000) in paragraph at lines 188--189

 []


Underfull \hbox (badness 10000) in paragraph at lines 190--191

 []

[8 <./Images/Learning_Pedagogies.pdf>]
Underfull \hbox (badness 10000) in paragraph at lines 200--201

 []


Underfull \hbox (badness 10000) in paragraph at lines 203--204

 []


Underfull \hbox (badness 10000) in paragraph at lines 213--214

 []

[9]
Underfull \hbox (badness 10000) in paragraph at lines 215--216

 []


Underfull \hbox (badness 10000) in paragraph at lines 218--219

 []

[10]
Underfull \hbox (badness 10000) in paragraph at lines 241--242

 []


Underfull \hbox (badness 10000) in paragraph at lines 243--244

 []


Underfull \hbox (badness 10000) in paragraph at lines 245--246

 []


Underfull \hbox (badness 10000) in paragraph at lines 247--248

 []

[11]
Underfull \hbox (badness 10000) in paragraph at lines 255--256

 []

<Images/flipped_classroom_diagram.png, id=246, 797.98125pt x 709.65125pt>
File: Images/flipped_classroom_diagram.png Graphic file (type png)
<use Images/flipped_classroom_diagram.png>
Package pdftex.def Info: Images/flipped_classroom_diagram.png used on input line 259.
(pdftex.def)             Requested size: 284.52756pt x 253.02702pt.

Underfull \hbox (badness 10000) in paragraph at lines 265--266

 []


Overfull \hbox (13.33342pt too wide) in paragraph at lines 267--268
[]\OT1/cmr/m/n/12 I feel that plac-ing my-self as a So-cial Con-struc-tivist with a hy-brid IBL/flipped
 []


Underfull \hbox (badness 10000) in paragraph at lines 267--268

 []

[12]
Underfull \hbox (badness 10000) in paragraph at lines 269--270

 []


Underfull \hbox (badness 10000) in paragraph at lines 271--272

 []

[13 <./Images/flipped_classroom_diagram.png>]
Underfull \hbox (badness 10000) in paragraph at lines 282--283

 []


Underfull \hbox (badness 10000) in paragraph at lines 284--285

 []


Underfull \hbox (badness 10000) in paragraph at lines 301--302

 []

[14] <./images/Lesson_plan_1.png, id=278, 934.49126pt x 183.68625pt>
File: ./images/Lesson_plan_1.png Graphic file (type png)
<use ./images/Lesson_plan_1.png>
Package pdftex.def Info: ./images/Lesson_plan_1.png used on input line 305.
(pdftex.def)             Requested size: 284.52756pt x 55.9275pt.

Underfull \hbox (badness 10000) in paragraph at lines 311--312

 []

<./images/Lesson_plan_2.png, id=280, 835.12pt x 717.68124pt>
File: ./images/Lesson_plan_2.png Graphic file (type png)
<use ./images/Lesson_plan_2.png>
Package pdftex.def Info: ./images/Lesson_plan_2.png used on input line 315.
(pdftex.def)             Requested size: 284.52756pt x 244.51213pt.

Underfull \hbox (badness 10000) in paragraph at lines 321--322

 []

<./images/free_book.png, id=282, 986.68625pt x 274.02374pt>
File: ./images/free_book.png Graphic file (type png)
<use ./images/free_book.png>
Package pdftex.def Info: ./images/free_book.png used on input line 325.
(pdftex.def)             Requested size: 284.52756pt x 79.01746pt.

Underfull \hbox (badness 10000) in paragraph at lines 331--332

 []

[15 <./images/Lesson_plan_1.png> <./images/Lesson_plan_2.png>] <./images/Discussion_board-a.png, id=291, 716.6775pt x 215.80624pt>
File: ./images/Discussion_board-a.png Graphic file (type png)
<use ./images/Discussion_board-a.png>
Package pdftex.def Info: ./images/Discussion_board-a.png used on input line 335.
(pdftex.def)             Requested size: 284.52756pt x 85.67883pt.
<./images/Discussion_board-b.png, id=292, 1182.4175pt x 293.095pt>
File: ./images/Discussion_board-b.png Graphic file (type png)
<use ./images/Discussion_board-b.png>
Package pdftex.def Info: ./images/Discussion_board-b.png used on input line 336.
(pdftex.def)             Requested size: 284.52756pt x 70.52759pt.
<./images/Discussion_board-c.png, id=293, 978.65625pt x 498.86375pt>
File: ./images/Discussion_board-c.png Graphic file (type png)
<use ./images/Discussion_board-c.png>
Package pdftex.def Info: ./images/Discussion_board-c.png used on input line 337.
(pdftex.def)             Requested size: 284.52756pt x 145.03976pt.

Underfull \hbox (badness 10000) in paragraph at lines 343--344

 []

<./images/chat_with_richard-a.png, id=296, 982.67125pt x 256.96pt>
File: ./images/chat_with_richard-a.png Graphic file (type png)
<use ./images/chat_with_richard-a.png>
Package pdftex.def Info: ./images/chat_with_richard-a.png used on input line 347.
(pdftex.def)             Requested size: 284.52756pt x 74.39885pt.
<./images/chat_with_richard-b.png, id=297, 983.675pt x 447.6725pt>
File: ./images/chat_with_richard-b.png Graphic file (type png)
<use ./images/chat_with_richard-b.png>
Package pdftex.def Info: ./images/chat_with_richard-b.png used on input line 348.
(pdftex.def)             Requested size: 284.52756pt x 129.48698pt.
<./images/chat_with_richard-c.png, id=298, 979.66pt x 236.885pt>
File: ./images/chat_with_richard-c.png Graphic file (type png)
<use ./images/chat_with_richard-c.png>
Package pdftex.def Info: ./images/chat_with_richard-c.png used on input line 349.
(pdftex.def)             Requested size: 284.52756pt x 68.7997pt.
<./images/chat_about_jeremys_M2_lesson_plan.png, id=299, 784.9325pt x 572.1375pt>
File: ./images/chat_about_jeremys_M2_lesson_plan.png Graphic file (type png)
<use ./images/chat_about_jeremys_M2_lesson_plan.png>
Package pdftex.def Info: ./images/chat_about_jeremys_M2_lesson_plan.png used on input line 357.
(pdftex.def)             Requested size: 284.52756pt x 207.39235pt.

Underfull \hbox (badness 10000) in paragraph at lines 363--364

 []

<./images/flipped_classrooms.png, id=301, 941.5175pt x 426.59375pt>
File: ./images/flipped_classrooms.png Graphic file (type png)
<use ./images/flipped_classrooms.png>
Package pdftex.def Info: ./images/flipped_classrooms.png used on input line 367.
(pdftex.def)             Requested size: 284.52756pt x 128.91644pt.

Underfull \hbox (badness 10000) in paragraph at lines 373--374

 []

<./images/chat_with_jeremy-a.png, id=303, 982.67125pt x 293.095pt>
File: ./images/chat_with_jeremy-a.png Graphic file (type png)
<use ./images/chat_with_jeremy-a.png>
Package pdftex.def Info: ./images/chat_with_jeremy-a.png used on input line 377.
(pdftex.def)             Requested size: 284.52756pt x 84.86119pt.
<./images/chat_with_jeremy-b.png, id=304, 981.6675pt x 744.7825pt>
File: ./images/chat_with_jeremy-b.png Graphic file (type png)
<use ./images/chat_with_jeremy-b.png>
Package pdftex.def Info: ./images/chat_with_jeremy-b.png used on input line 378.
(pdftex.def)             Requested size: 284.52756pt x 215.86775pt.

Underfull \hbox (badness 10000) in paragraph at lines 384--385

 []


Underfull \hbox (badness 10000) in paragraph at lines 388--389

 []


Underfull \hbox (badness 10000) in paragraph at lines 390--391

 []

<images/finding_paper_on_G+.png, id=307, 552.0625pt x 920.43875pt>
File: images/finding_paper_on_G+.png Graphic file (type png)
<use images/finding_paper_on_G+.png>
Package pdftex.def Info: images/finding_paper_on_G+.png used on input line 394.
(pdftex.def)             Requested size: 142.26378pt x 237.18767pt.
[16 <./images/free_book.png>] [17 <./images/Discussion_board-a.png> <./images/Discussion_board-b.png> <./images/Discussion_board-c.png>] [18 <./images/chat_with_richard-a.png> <./images/chat_with_richard-b.png> <./images/chat_with_richard-c.png> <./images/chat_about_jeremys_M2_lesson_plan.png>] [19 <./images/flipped_classrooms.png> <./images/chat_with_jeremy-a.png> <./images/chat_with_jeremy-b.png>]
Underfull \hbox (badness 10000) in paragraph at lines 400--401

 []

<images/chat_about_teachers-a.png, id=333, 647.41875pt x 895.345pt>
File: images/chat_about_teachers-a.png Graphic file (type png)
<use images/chat_about_teachers-a.png>
Package pdftex.def Info: images/chat_about_teachers-a.png used on input line 404.
(pdftex.def)             Requested size: 142.26378pt x 196.74425pt.
<images/chat_about_teachers-b.png, id=334, 644.4075pt x 749.80125pt>
File: images/chat_about_teachers-b.png Graphic file (type png)
<use images/chat_about_teachers-b.png>
Package pdftex.def Info: images/chat_about_teachers-b.png used on input line 405.
(pdftex.def)             Requested size: 142.26378pt x 165.52884pt.

Underfull \hbox (badness 10000) in paragraph at lines 411--412

 []

<images/chat_about_Shapley_value_video.png, id=336, 636.3775pt x 901.3675pt>
File: images/chat_about_Shapley_value_video.png Graphic file (type png)
<use images/chat_about_Shapley_value_video.png>
Package pdftex.def Info: images/chat_about_Shapley_value_video.png used on input line 415.
(pdftex.def)             Requested size: 142.26378pt x 201.49232pt.

Underfull \hbox (badness 10000) in paragraph at lines 421--422

 []

<images/Sharing_my_education_circle.png, id=338, 652.4375pt x 385.44pt>
File: images/Sharing_my_education_circle.png Graphic file (type png)
<use images/Sharing_my_education_circle.png>
Package pdftex.def Info: images/Sharing_my_education_circle.png used on input line 425.
(pdftex.def)             Requested size: 284.52756pt x 168.09438pt.

Underfull \hbox (badness 10000) in paragraph at lines 431--432

 []


Underfull \hbox (badness 10000) in paragraph at lines 435--436

 []


Underfull \hbox (badness 10000) in paragraph at lines 437--438

 []

[20 <./images/finding_paper_on_G+.png>] [21 <./images/chat_about_teachers-a.png> <./images/chat_about_teachers-b.png> <./images/chat_about_Shapley_value_video.png>]
Underfull \hbox (badness 10000) in paragraph at lines 455--456

 []

[22 <./images/Sharing_my_education_circle.png>]
Underfull \hbox (badness 10000) in paragraph at lines 457--458

 []


Underfull \hbox (badness 10000) in paragraph at lines 469--470

 []


Underfull \hbox (badness 10000) in paragraph at lines 471--472

 []

[23]
Underfull \hbox (badness 10000) in paragraph at lines 524--525

 []

[24] [25] (./VK_Pedagogic_Models_Inclusive_Teaching_and_Technology.bbl [26])
Package atveryend Info: Empty hook `BeforeClearDocument' on input line 532.
[27]
Package atveryend Info: Empty hook `AfterLastShipout' on input line 532.
(./VK_Pedagogic_Models_Inclusive_Teaching_and_Technology.aux)
Package atveryend Info: Executing hook `AtVeryEndDocument' on input line 532.
Package atveryend Info: Executing hook `AtEndAfterFileList' on input line 532.
Package rerunfilecheck Info: File `VK_Pedagogic_Models_Inclusive_Teaching_and_Technology.out' has not changed.
(rerunfilecheck)             Checksum: CD6EB65D7E0D0D66161D523D027A9024;1163.
Package atveryend Info: Empty hook `AtVeryVeryEnd' on input line 532.
 ) 
Here is how much of TeX's memory you used:
 5244 strings out of 493488
 80440 string characters out of 3141326
 159525 words of memory out of 3000000
 8415 multiletter control sequences out of 15000+200000
 9324 words of font info for 33 fonts, out of 3000000 for 9000
 957 hyphenation exceptions out of 8191
 29i,7n,28p,1218b,421s stack positions out of 5000i,500n,10000p,200000b,50000s
</usr/local/texlive/2012/texmf-dist/fonts/type1/public/amsfonts/cm/cmbx12.pfb></usr/local/texlive/2012/texmf-dist/fonts/type1/public/amsfonts/cm/cmex10.pfb></usr/local/texlive/2012/texmf-dist/fonts/type1/public/amsfonts/cm/cmmi12.pfb></usr/local/texlive/2012/texmf-dist/fonts/type1/public/amsfonts/cm/cmmi6.pfb></usr/local/texlive/2012/texmf-dist/fonts/type1/public/amsfonts/cm/cmmi8.pfb></usr/local/texlive/2012/texmf-dist/fonts/type1/public/amsfonts/cm/cmr12.pfb></usr/local/texlive/2012/texmf-dist/fonts/type1/public/amsfonts/cm/cmr17.pfb></usr/local/texlive/2012/texmf-dist/fonts/type1/public/amsfonts/cm/cmr8.pfb></usr/local/texlive/2012/texmf-dist/fonts/type1/public/amsfonts/cm/cmsy10.pfb></usr/local/texlive/2012/texmf-dist/fonts/type1/public/amsfonts/cm/cmsy8.pfb></usr/local/texlive/2012/texmf-dist/fonts/type1/public/amsfonts/cm/cmti12.pfb></usr/local/texlive/2012/texmf-dist/fonts/type1/public/amsfonts/cm/cmtt12.pfb>
Output written on VK_Pedagogic_Models_Inclusive_Teaching_and_Technology.pdf (27 pages, 1818719 bytes).
PDF statistics:
 456 PDF objects out of 1000 (max. 8388607)
 374 compressed objects within 4 object streams
 98 named destinations out of 1000 (max. 500000)
 239 words of extra memory for PDF output out of 10000 (max. 10000000)

